<?xml version="1.0" encoding="UTF-8"?>
<!-- Generated by org.testng.reporters.JUnitReportReporter -->
<testsuite hostname="DESKTOP-31D6EK7" failures="0" tests="3" name="BasicsOfTestNG.BeforeClassAfterClassExample" time="0.024" errors="0" timestamp="2022-09-22T22:51:00 IST" skipped="0">
  <testcase classname="BasicsOfTestNG.BeforeClassAfterClassExample" name="homepage" time="0.010"/>
  <system-out>
    <![CDATA[checking the homepage]]>
  </system-out>
  <testcase classname="BasicsOfTestNG.BeforeClassAfterClassExample" name="notificationPage" time="0.006"/>
  <system-out>
    <![CDATA[checking the notifications]]>
  </system-out>
  <testcase classname="BasicsOfTestNG.BeforeClassAfterClassExample" name="profilepage" time="0.008"/>
  <system-out>
    <![CDATA[checking the profilepage]]>
  </system-out>
</testsuite> <!-- BasicsOfTestNG.BeforeClassAfterClassExample -->
