<?xml version="1.0" encoding="UTF-8"?>
<!-- Generated by org.testng.reporters.JUnitReportReporter -->
<testsuite hostname="DESKTOP-31D6EK7" failures="0" tests="1" name="BasicsOfTestNG.BeforTestAfterTestClass1" time="0.009" errors="0" timestamp="2022-09-20T11:56:35 IST" skipped="0">
  <testcase classname="BasicsOfTestNG.BeforTestAfterTestClass1" name="homePage" time="0.009"/>
  <system-out/>
</testsuite> <!-- BasicsOfTestNG.BeforTestAfterTestClass1 -->
