<?xml version="1.0" encoding="UTF-8"?>
<!-- Generated by org.testng.reporters.JUnitReportReporter -->
<testsuite hostname="DESKTOP-31D6EK7" failures="0" tests="2" name="Practices.BeforTestAfterTestPractice1" time="0.009" errors="0" timestamp="2022-09-23T14:38:54 IST" skipped="0">
  <testcase classname="Practices.BeforTestAfterTestPractice1" name="notification" time="0.002"/>
  <system-out/>
  <testcase classname="Practices.BeforTestAfterTestPractice1" name="homepage" time="0.007"/>
  <system-out/>
</testsuite> <!-- Practices.BeforTestAfterTestPractice1 -->
