<?xml version="1.0" encoding="UTF-8"?>
<!-- Generated by org.testng.reporters.JUnitReportReporter -->
<testsuite hostname="DESKTOP-31D6EK7" failures="0" tests="3" name="BasicsOfTestNG.IntroductionToTestNG" time="0.018" errors="0" timestamp="2022-09-20T10:37:04 IST" skipped="0">
  <testcase classname="BasicsOfTestNG.IntroductionToTestNG" name="openUrl" time="0.014"/>
  <system-out/>
  <testcase classname="BasicsOfTestNG.IntroductionToTestNG" name="login" time="0.002"/>
  <system-out/>
  <testcase classname="BasicsOfTestNG.IntroductionToTestNG" name="logout" time="0.002"/>
  <system-out/>
</testsuite> <!-- BasicsOfTestNG.IntroductionToTestNG -->
