<?xml version="1.0" encoding="UTF-8"?>
<!-- Generated by org.testng.reporters.JUnitReportReporter -->
<testsuite hostname="DESKTOP-31D6EK7" failures="0" tests="2" name="Practices.BeforeSuiteAfterSuite2" time="0.013" errors="0" timestamp="2022-09-23T14:45:05 IST" skipped="0">
  <testcase classname="Practices.BeforeSuiteAfterSuite2" name="profilepage" time="0.004"/>
  <system-out/>
  <testcase classname="Practices.BeforeSuiteAfterSuite2" name="settings" time="0.009"/>
  <system-out/>
</testsuite> <!-- Practices.BeforeSuiteAfterSuite2 -->
