<?xml version="1.0" encoding="UTF-8"?>
<!-- Generated by org.testng.reporters.JUnitReportReporter -->
<testsuite hostname="DESKTOP-31D6EK7" failures="0" tests="2" name="Practices.BeforeTestAfterTestPractice2" time="0.027" errors="0" timestamp="2022-09-22T12:18:55 IST" skipped="0">
  <testcase classname="Practices.BeforeTestAfterTestPractice2" name="settings" time="0.010"/>
  <system-out/>
  <testcase classname="Practices.BeforeTestAfterTestPractice2" name="profilepage" time="0.017"/>
  <system-out/>
</testsuite> <!-- Practices.BeforeTestAfterTestPractice2 -->
