<?xml version="1.0" encoding="UTF-8"?>
<!-- Generated by org.testng.reporters.JUnitReportReporter -->
<testsuite hostname="DESKTOP-31D6EK7" failures="0" tests="7" name="KeywordsPractice.InvocationCountex" time="0.025" errors="0" timestamp="2022-09-23T15:08:22 IST" skipped="0">
  <testcase classname="KeywordsPractice.InvocationCountex" name="m1" time="0.002"/>
  <system-out/>
  <testcase classname="KeywordsPractice.InvocationCountex" name="m1" time="0.004"/>
  <system-out/>
  <testcase classname="KeywordsPractice.InvocationCountex" name="m1" time="0.005"/>
  <system-out/>
  <testcase classname="KeywordsPractice.InvocationCountex" name="m1" time="0.002"/>
  <system-out/>
  <testcase classname="KeywordsPractice.InvocationCountex" name="m1" time="0.003"/>
  <system-out/>
  <testcase classname="KeywordsPractice.InvocationCountex" name="m2" time="0.006"/>
  <system-out/>
  <testcase classname="KeywordsPractice.InvocationCountex" name="m3" time="0.003"/>
  <system-out/>
</testsuite> <!-- KeywordsPractice.InvocationCountex -->
