<?xml version="1.0" encoding="UTF-8"?>
<!-- Generated by org.testng.reporters.JUnitReportReporter -->
<testsuite hostname="DESKTOP-31D6EK7" failures="0" tests="5" name="KeywordsPractice.InvocationCountWithThreadPoolSizeEx" time="73.058" errors="0" timestamp="2022-09-24T10:09:37 IST" skipped="0">
  <testcase classname="KeywordsPractice.InvocationCountWithThreadPoolSizeEx" name="openBrowser" time="18.986"/>
  <system-out/>
  <testcase classname="KeywordsPractice.InvocationCountWithThreadPoolSizeEx" name="openBrowser" time="19.431"/>
  <system-out/>
  <testcase classname="KeywordsPractice.InvocationCountWithThreadPoolSizeEx" name="openBrowser" time="9.314"/>
  <system-out/>
  <testcase classname="KeywordsPractice.InvocationCountWithThreadPoolSizeEx" name="openBrowser" time="13.114"/>
  <system-out/>
  <testcase classname="KeywordsPractice.InvocationCountWithThreadPoolSizeEx" name="openBrowser" time="12.213"/>
  <system-out/>
</testsuite> <!-- KeywordsPractice.InvocationCountWithThreadPoolSizeEx -->
