<?xml version="1.0" encoding="UTF-8"?>
<!-- Generated by org.testng.reporters.JUnitReportReporter -->
<testsuite hostname="DESKTOP-31D6EK7" failures="0" tests="3" name="BasicsOfTestNG.BeforeMethodAfterMethodExample" time="0.031" errors="0" timestamp="2022-09-20T11:13:52 IST" skipped="0">
  <testcase classname="BasicsOfTestNG.BeforeMethodAfterMethodExample" name="homePage" time="0.019"/>
  <system-out>
    <![CDATA[checking the homepage]]>
  </system-out>
  <testcase classname="BasicsOfTestNG.BeforeMethodAfterMethodExample" name="profilepage" time="0.005"/>
  <system-out>
    <![CDATA[checking the profile page]]>
  </system-out>
  <testcase classname="BasicsOfTestNG.BeforeMethodAfterMethodExample" name="notificationPage" time="0.007"/>
  <system-out>
    <![CDATA[checking the notifications]]>
  </system-out>
</testsuite> <!-- BasicsOfTestNG.BeforeMethodAfterMethodExample -->
