<?xml version="1.0" encoding="UTF-8"?>
<!-- Generated by org.testng.reporters.JUnitReportReporter -->
<testsuite hostname="DESKTOP-31D6EK7" failures="0" tests="3" name="annotationsPractice.Basics" time="0.020" errors="0" timestamp="2022-10-08T12:19:07 IST" skipped="0">
  <testcase classname="annotationsPractice.Basics" name="login" time="0.015"/>
  <system-out/>
  <testcase classname="annotationsPractice.Basics" name="homepage" time="0.002"/>
  <system-out/>
  <testcase classname="annotationsPractice.Basics" name="logout" time="0.003"/>
  <system-out/>
</testsuite> <!-- annotationsPractice.Basics -->
