<?xml version="1.0" encoding="UTF-8"?>
<!-- Generated by org.testng.reporters.JUnitReportReporter -->
<testsuite hostname="DESKTOP-31D6EK7" failures="0" tests="3" name="Practices.Basics" time="0.028" errors="0" timestamp="2022-09-22T11:38:16 IST" skipped="0">
  <testcase classname="Practices.Basics" name="login" time="0.019"/>
  <system-out/>
  <testcase classname="Practices.Basics" name="homepage" time="0.003"/>
  <system-out/>
  <testcase classname="Practices.Basics" name="logout" time="0.006"/>
  <system-out/>
</testsuite> <!-- Practices.Basics -->
