<?xml version="1.0" encoding="UTF-8"?>
<!-- Generated by org.testng.reporters.JUnitReportReporter -->
<testsuite hostname="DESKTOP-31D6EK7" failures="0" tests="3" name="Practices.AnnotationsPractice" time="0.035" errors="0" timestamp="2022-09-22T11:45:23 IST" skipped="0">
  <testcase classname="Practices.AnnotationsPractice" name="notification" time="0.022"/>
  <system-out/>
  <testcase classname="Practices.AnnotationsPractice" name="homepage" time="0.007"/>
  <system-out/>
  <testcase classname="Practices.AnnotationsPractice" name="settings" time="0.006"/>
  <system-out/>
</testsuite> <!-- Practices.AnnotationsPractice -->
