<?xml version="1.0" encoding="UTF-8"?>
<!-- Generated by org.testng.reporters.JUnitReportReporter -->
<testsuite hostname="DESKTOP-31D6EK7" failures="0" tests="1" name="PomWithPageFactoryPractice.LoginTest" time="0.821" errors="0" timestamp="2022-10-02T00:03:11 IST" skipped="0">
  <testcase classname="PomWithPageFactoryPractice.LoginTest" name="FacebookLoginPage_PositiveTest" time="0.821"/>
  <system-out>
    <![CDATA[Verify facebook login page logo
Verify facebook login page tagline
Verify facebook login page forget password link
Verify facebook login page create account button
verify facebook login page footer link
Set facebook login page emailid field
Set facebook login page password field
Click facebook login page button]]>
  </system-out>
</testsuite> <!-- PomWithPageFactoryPractice.LoginTest -->
