<?xml version="1.0" encoding="UTF-8"?>
<!-- Generated by org.testng.reporters.JUnitReportReporter -->
<testsuite hostname="DESKTOP-31D6EK7" failures="0" tests="3" name="Practices.BeforeClassAfterClassPrcatice" time="0.029" errors="0" timestamp="2022-09-22T11:48:03 IST" skipped="0">
  <testcase classname="Practices.BeforeClassAfterClassPrcatice" name="notification" time="0.012"/>
  <system-out/>
  <testcase classname="Practices.BeforeClassAfterClassPrcatice" name="homepage" time="0.006"/>
  <system-out/>
  <testcase classname="Practices.BeforeClassAfterClassPrcatice" name="settings" time="0.011"/>
  <system-out/>
</testsuite> <!-- Practices.BeforeClassAfterClassPrcatice -->
