<?xml version="1.0" encoding="UTF-8"?>
<!-- Generated by org.testng.reporters.JUnitReportReporter -->
<testsuite hostname="DESKTOP-31D6EK7" failures="0" tests="12" name="AssertClassPractice.CrossBrowserTestingExample" time="38.733" errors="0" timestamp="2022-09-28T16:55:11 IST" skipped="0">
  <testcase classname="AssertClassPractice.CrossBrowserTestingExample" name="CrossBrowser" time="12.453"/>
  <system-out/>
  <testcase classname="AssertClassPractice.CrossBrowserTestingExample" name="CrossBrowser" time="6.991"/>
  <system-out/>
  <testcase classname="AssertClassPractice.CrossBrowserTestingExample" name="VerifyCurrentUrl" time="0.345"/>
  <system-out/>
  <testcase classname="AssertClassPractice.CrossBrowserTestingExample" name="VerifygetTitle" time="0.113"/>
  <system-out/>
  <testcase classname="AssertClassPractice.CrossBrowserTestingExample" name="VerifyCurrentUrl" time="0.020"/>
  <system-out/>
  <testcase classname="AssertClassPractice.CrossBrowserTestingExample" name="VerifygetTitle" time="0.025"/>
  <system-out/>
  <testcase classname="AssertClassPractice.CrossBrowserTestingExample" name="VerifyUsername" time="0.170"/>
  <system-out/>
  <testcase classname="AssertClassPractice.CrossBrowserTestingExample" name="VerifyUsername" time="0.282"/>
  <system-out/>
  <testcase classname="AssertClassPractice.CrossBrowserTestingExample" name="VerifyPassword" time="0.212"/>
  <system-out/>
  <testcase classname="AssertClassPractice.CrossBrowserTestingExample" name="VerifyPassword" time="0.154"/>
  <system-out/>
  <testcase classname="AssertClassPractice.CrossBrowserTestingExample" name="VerifyClickOnLogin" time="5.360"/>
  <system-out/>
  <testcase classname="AssertClassPractice.CrossBrowserTestingExample" name="VerifyClickOnLogin" time="12.608"/>
  <system-out/>
</testsuite> <!-- AssertClassPractice.CrossBrowserTestingExample -->
