<?xml version="1.0" encoding="UTF-8"?>
<!-- Generated by org.testng.reporters.JUnitReportReporter -->
<testsuite hostname="DESKTOP-31D6EK7" failures="0" tests="3" name="KeywordsPractice.EnabledFalseEx" time="0.007" errors="0" timestamp="2022-09-23T15:17:06 IST" skipped="2">
  <testcase classname="KeywordsPractice.EnabledFalseEx" name="m1" time="0.007"/>
  <system-out/>
  <testcase classname="KeywordsPractice.EnabledFalseEx" name="m2">
    <skipped/>
  </testcase> <!-- m2 -->
  <system-out/>
  <testcase classname="KeywordsPractice.EnabledFalseEx" name="m3">
    <skipped/>
  </testcase> <!-- m3 -->
  <system-out/>
</testsuite> <!-- KeywordsPractice.EnabledFalseEx -->
