<?xml version="1.0" encoding="UTF-8"?>
<!-- Generated by org.testng.reporters.JUnitReportReporter -->
<testsuite hostname="DESKTOP-31D6EK7" failures="0" tests="1" name="TestNgGrouping.TestCase1" time="0.011" errors="0" timestamp="2022-09-26T13:37:18 IST" skipped="0">
  <testcase classname="TestNgGrouping.TestCase1" name="test1" time="0.011"/>
  <system-out/>
</testsuite> <!-- TestNgGrouping.TestCase1 -->
