<?xml version="1.0" encoding="UTF-8"?>
<!-- Generated by org.testng.reporters.JUnitReportReporter -->
<testsuite hostname="DESKTOP-31D6EK7" failures="0" tests="1" name="PomWithPageFactoryPractice.RegistrationTest" time="3.708" errors="0" timestamp="2022-10-02T00:03:11 IST" skipped="0">
  <testcase classname="PomWithPageFactoryPractice.RegistrationTest" name="FacebookRegistrationPageTest_Positive" time="3.708"/>
  <system-out/>
</testsuite> <!-- PomWithPageFactoryPractice.RegistrationTest -->
