<?xml version="1.0" encoding="UTF-8"?>
<!-- Generated by org.testng.reporters.JUnitReportReporter -->
<testsuite hostname="DESKTOP-31D6EK7" failures="0" tests="1" name="TestNgGrouping.TestCase2" time="0.007" errors="0" timestamp="2022-09-26T13:37:18 IST" skipped="0">
  <testcase classname="TestNgGrouping.TestCase2" name="test4" time="0.007"/>
  <system-out/>
</testsuite> <!-- TestNgGrouping.TestCase2 -->
